<?xml version="1.0" encoding="UTF-8"?>
<testng-results skipped="0" failed="0" ignored="0" total="1" passed="1">
  <reporter-output>
  </reporter-output>
  <suite name="Default suite" duration-ms="35594" started-at="2019-11-04T17:23:50 IST" finished-at="2019-11-04T17:24:26 IST">
    <groups>
    </groups>
    <test name="Default test" duration-ms="35594" started-at="2019-11-04T17:23:50 IST" finished-at="2019-11-04T17:24:26 IST">
      <class name="com.crm.qa.testcases.LogInPageTest">
        <test-method status="PASS" signature="testSetUp()[pri:0, instance:com.crm.qa.testcases.LogInPageTest@3fd7a715]" name="testSetUp" is-config="true" duration-ms="14138" started-at="2019-11-04T17:23:50 IST" finished-at="2019-11-04T17:24:04 IST">
          <reporter-output>
          </reporter-output>
        </test-method> <!-- testSetUp -->
        <test-method status="PASS" signature="logInTest()[pri:0, instance:com.crm.qa.testcases.LogInPageTest@3fd7a715]" name="logInTest" duration-ms="10489" started-at="2019-11-04T17:24:04 IST" finished-at="2019-11-04T17:24:15 IST">
          <reporter-output>
          </reporter-output>
        </test-method> <!-- logInTest -->
        <test-method status="PASS" signature="tearDown()[pri:0, instance:com.crm.qa.testcases.LogInPageTest@3fd7a715]" name="tearDown" is-config="true" duration-ms="10918" started-at="2019-11-04T17:24:15 IST" finished-at="2019-11-04T17:24:26 IST">
          <reporter-output>
          </reporter-output>
        </test-method> <!-- tearDown -->
      </class> <!-- com.crm.qa.testcases.LogInPageTest -->
    </test> <!-- Default test -->
  </suite> <!-- Default suite -->
</testng-results>
